{
  "stats": {
    "suites": 1,
    "tests": 1,
    "passes": 1,
    "pending": 0,
    "failures": 0,
    "start": "2021-09-04T17:01:26.718Z",
    "end": "2021-09-04T17:09:47.086Z",
    "duration": 500368,
    "testsRegistered": 1,
    "passPercent": 100,
    "pendingPercent": 0,
    "other": 0,
    "hasOther": false,
    "skipped": 0,
    "hasSkipped": false
  },
  "results": [
    {
      "uuid": "55790e2b-7ad3-4024-9b86-d3909e1d29ed",
      "title": "",
      "fullFile": "",
      "file": "",
      "beforeHooks": [],
      "afterHooks": [],
      "tests": [],
      "suites": [
        {
          "uuid": "5c40ff1a-5d18-4461-ab12-d0c6919b0867",
          "title": "loadero-simple",
          "fullFile": "/project/src/loadero/loadero-simple.test.ts",
          "file": "/project/src/loadero/loadero-simple.test.ts",
          "beforeHooks": [],
          "afterHooks": [],
          "tests": [
            {
              "title": "loadero-multi-CI_test_dialog-default-g2-1-720pAV-chromeLatest-eu-central-1-x1",
              "fullTitle": "loadero-simple loadero-multi-CI_test_dialog-default-g2-1-720pAV-chromeLatest-eu-central-1-x1",
              "timedOut": false,
              "duration": 500364,
              "state": "passed",
              "speed": "slow",
              "pass": true,
              "fail": false,
              "pending": false,
              "context": "[\n  \"loadero-multi-CI_test_dialog-default-g2-1-720pAV-chromeLatest-eu-central-1-x1\",\n  {\n    \"title\": \"result\",\n    \"value\": {\n      \"id\": 51731,\n      \"created\": \"2021-09-04T17:01:32Z\",\n      \"updated\": \"2021-09-04T17:09:27Z\",\n      \"test_id\": 9802,\n      \"status\": \"done\",\n      \"metric_status\": \"none\",\n      \"test_mode\": \"performance\",\n      \"increment_strategy\": \"random\",\n      \"processing_started\": \"2021-09-04T17:01:33Z\",\n      \"processing_finished\": \"2021-09-04T17:09:27Z\",\n      \"execution_started\": \"2021-09-04T17:05:21Z\",\n      \"execution_finished\": \"2021-09-04T17:09:12Z\",\n      \"script_file_id\": 80687,\n      \"test_name\": \"CI_test_dialog\",\n      \"start_interval\": 10,\n      \"participant_timeout\": 2700,\n      \"launching_account_id\": 5166,\n      \"success_rate\": 1,\n      \"group_count\": 1,\n      \"participant_count\": 1\n    }\n  },\n  \"https://loadero.com/projects/6735/tests/9802/results/51731/#summary\"\n]",
              "code": "this.timeout(0);\nconst testid = await loaderoAPI_1.loaderoAPI.getTestIdFromName(testName);\n(0, global_1.addContext)(this, testNameStr);\n//setup test parameters\nawait loaderoAPI_1.loaderoAPI.updateParticipantCount(testid, participantNumber, network, location, webcam, hardware, browser);\n//execute test\nfor (let i = 0; i < enduranceNumber; i++) {\n    const result = await loaderoAPI_1.loaderoAPI.execTestAndWaitResult(testid);\n    expect(!!result).to.be.equal(true);\n    expect(loaderoAPI_1.loaderoAPI.getRunBodyResult(result)).to.be.equal(true);\n    (0, global_1.addContext)(this, { \"title\": \"result\", \"value\": result });\n    (0, global_1.addContext)(this, loaderoAPI_1.loaderoAPI.getResultLink(result));\n}",
              "err": {},
              "uuid": "4f0db83c-dac2-4cba-8a3a-f1a6a789acc0",
              "parentUUID": "5c40ff1a-5d18-4461-ab12-d0c6919b0867",
              "isHook": false,
              "skipped": false
            }
          ],
          "suites": [],
          "passes": [
            "4f0db83c-dac2-4cba-8a3a-f1a6a789acc0"
          ],
          "failures": [],
          "pending": [],
          "skipped": [],
          "duration": 500364,
          "root": false,
          "rootEmpty": false,
          "_timeout": 2000
        }
      ],
      "passes": [],
      "failures": [],
      "pending": [],
      "skipped": [],
      "duration": 0,
      "root": true,
      "rootEmpty": true,
      "_timeout": 2000
    }
  ],
  "meta": {
    "mocha": {
      "version": "9.1.1"
    },
    "mochawesome": {
      "options": {
        "quiet": false,
        "reportFilename": "mochawesome",
        "saveHtml": true,
        "saveJson": true,
        "consoleReporter": "spec",
        "useInlineDiffs": false,
        "code": true
      },
      "version": "6.2.2"
    },
    "marge": {
      "options": null,
      "version": "5.2.0"
    }
  }
}